{"/home/zach/Code/crystalize.js/src/index.ts": {"path":"/home/zach/Code/crystalize.js/src/index.ts","statementMap":{"0":{"start":{"line":72,"column":46},"end":{"line":78,"column":4}},"1":{"start":{"line":80,"column":2},"end":{"line":80,"column":45}},"2":{"start":{"line":82,"column":2},"end":{"line":90,"column":null}},"3":{"start":{"line":84,"column":15},"end":{"line":84,"column":56}},"4":{"start":{"line":87,"column":3},"end":{"line":89,"column":5}},"5":{"start":{"line":92,"column":2},"end":{"line":108,"column":null}},"6":{"start":{"line":93,"column":3},"end":{"line":102,"column":null}},"7":{"start":{"line":97,"column":4},"end":{"line":101,"column":6}},"8":{"start":{"line":104,"column":3},"end":{"line":107,"column":5}},"9":{"start":{"line":112,"column":2},"end":{"line":112,"column":55}},"10":{"start":{"line":113,"column":2},"end":{"line":116,"column":5}},"11":{"start":{"line":115,"column":3},"end":{"line":115,"column":55}},"12":{"start":{"line":119,"column":2},"end":{"line":122,"column":5}},"13":{"start":{"line":126,"column":17},"end":{"line":126,"column":69}},"14":{"start":{"line":126,"column":52},"end":{"line":126,"column":68}},"15":{"start":{"line":128,"column":2},"end":{"line":128,"column":51}},"16":{"start":{"line":135,"column":2},"end":{"line":138,"column":5}},"17":{"start":{"line":142,"column":16},"end":{"line":142,"column":66}},"18":{"start":{"line":142,"column":54},"end":{"line":142,"column":65}},"19":{"start":{"line":144,"column":2},"end":{"line":146,"column":null}},"20":{"start":{"line":145,"column":3},"end":{"line":145,"column":15}},"21":{"start":{"line":148,"column":2},"end":{"line":151,"column":5}},"22":{"start":{"line":155,"column":2},"end":{"line":155,"column":58}},"23":{"start":{"line":159,"column":2},"end":{"line":159,"column":51}},"24":{"start":{"line":163,"column":15},"end":{"line":165,"column":4}},"25":{"start":{"line":164,"column":3},"end":{"line":164,"column":74}},"26":{"start":{"line":167,"column":2},"end":{"line":167,"column":65}},"27":{"start":{"line":169,"column":21},"end":{"line":186,"column":6}},"28":{"start":{"line":170,"column":3},"end":{"line":185,"column":null}},"29":{"start":{"line":172,"column":5},"end":{"line":172,"column":14}},"30":{"start":{"line":174,"column":5},"end":{"line":174,"column":26}},"31":{"start":{"line":176,"column":5},"end":{"line":176,"column":37}},"32":{"start":{"line":178,"column":19},"end":{"line":178,"column":52}},"33":{"start":{"line":179,"column":5},"end":{"line":181,"column":8}},"34":{"start":{"line":180,"column":6},"end":{"line":180,"column":57}},"35":{"start":{"line":183,"column":20},"end":{"line":183,"column":64}},"36":{"start":{"line":184,"column":5},"end":{"line":184,"column":55}},"37":{"start":{"line":184,"column":40},"end":{"line":184,"column":53}},"38":{"start":{"line":188,"column":28},"end":{"line":188,"column":55}},"39":{"start":{"line":189,"column":2},"end":{"line":189,"column":36}},"40":{"start":{"line":191,"column":18},"end":{"line":191,"column":71}},"41":{"start":{"line":192,"column":23},"end":{"line":192,"column":55}},"42":{"start":{"line":194,"column":2},"end":{"line":194,"column":43}},"43":{"start":{"line":198,"column":2},"end":{"line":200,"column":null}},"44":{"start":{"line":199,"column":3},"end":{"line":199,"column":37}},"45":{"start":{"line":201,"column":2},"end":{"line":201,"column":25}},"46":{"start":{"line":205,"column":2},"end":{"line":205,"column":54}},"47":{"start":{"line":209,"column":2},"end":{"line":209,"column":48}},"48":{"start":{"line":213,"column":2},"end":{"line":213,"column":49}},"49":{"start":{"line":217,"column":2},"end":{"line":217,"column":49}},"50":{"start":{"line":221,"column":2},"end":{"line":221,"column":44}},"51":{"start":{"line":225,"column":2},"end":{"line":225,"column":45}},"52":{"start":{"line":229,"column":2},"end":{"line":229,"column":53}},"53":{"start":{"line":233,"column":2},"end":{"line":233,"column":53}},"54":{"start":{"line":237,"column":2},"end":{"line":237,"column":59}},"55":{"start":{"line":64,"column":0},"end":{"line":64,"column":13}}},"fnMap":{"0":{"name":"(anonymous_0)","decl":{"start":{"line":71,"column":1},"end":{"line":71,"column":13}},"loc":{"start":{"line":71,"column":39},"end":{"line":109,"column":2}}},"1":{"name":"(anonymous_1)","decl":{"start":{"line":84,"column":4},"end":{"line":84,"column":5}},"loc":{"start":{"line":84,"column":15},"end":{"line":84,"column":56}}},"2":{"name":"(anonymous_2)","decl":{"start":{"line":111,"column":1},"end":{"line":111,"column":5}},"loc":{"start":{"line":111,"column":34},"end":{"line":123,"column":2}}},"3":{"name":"(anonymous_3)","decl":{"start":{"line":113,"column":22},"end":{"line":113,"column":23}},"loc":{"start":{"line":113,"column":32},"end":{"line":116,"column":3}}},"4":{"name":"(anonymous_4)","decl":{"start":{"line":125,"column":1},"end":{"line":125,"column":8}},"loc":{"start":{"line":125,"column":39},"end":{"line":129,"column":2}}},"5":{"name":"(anonymous_5)","decl":{"start":{"line":126,"column":41},"end":{"line":126,"column":42}},"loc":{"start":{"line":126,"column":52},"end":{"line":126,"column":68}}},"6":{"name":"(anonymous_6)","decl":{"start":{"line":131,"column":1},"end":{"line":131,"column":8}},"loc":{"start":{"line":131,"column":20},"end":{"line":139,"column":2}}},"7":{"name":"(anonymous_7)","decl":{"start":{"line":141,"column":1},"end":{"line":141,"column":9}},"loc":{"start":{"line":141,"column":41},"end":{"line":152,"column":2}}},"8":{"name":"(anonymous_8)","decl":{"start":{"line":142,"column":43},"end":{"line":142,"column":44}},"loc":{"start":{"line":142,"column":54},"end":{"line":142,"column":65}}},"9":{"name":"(anonymous_9)","decl":{"start":{"line":154,"column":1},"end":{"line":154,"column":9}},"loc":{"start":{"line":154,"column":9},"end":{"line":156,"column":2}}},"10":{"name":"(anonymous_10)","decl":{"start":{"line":158,"column":9},"end":{"line":158,"column":19}},"loc":{"start":{"line":158,"column":58},"end":{"line":160,"column":2}}},"11":{"name":"(anonymous_11)","decl":{"start":{"line":162,"column":9},"end":{"line":162,"column":17}},"loc":{"start":{"line":162,"column":17},"end":{"line":195,"column":2}}},"12":{"name":"(anonymous_12)","decl":{"start":{"line":163,"column":42},"end":{"line":163,"column":43}},"loc":{"start":{"line":163,"column":51},"end":{"line":165,"column":3}}},"13":{"name":"(anonymous_13)","decl":{"start":{"line":169,"column":22},"end":{"line":169,"column":25}},"loc":{"start":{"line":169,"column":27},"end":{"line":186,"column":3}}},"14":{"name":"(anonymous_14)","decl":{"start":{"line":179,"column":29},"end":{"line":179,"column":30}},"loc":{"start":{"line":179,"column":46},"end":{"line":181,"column":6}}},"15":{"name":"(anonymous_15)","decl":{"start":{"line":184,"column":29},"end":{"line":184,"column":30}},"loc":{"start":{"line":184,"column":40},"end":{"line":184,"column":53}}},"16":{"name":"(anonymous_16)","decl":{"start":{"line":197,"column":1},"end":{"line":197,"column":13}},"loc":{"start":{"line":197,"column":22},"end":{"line":202,"column":2}}},"17":{"name":"(anonymous_17)","decl":{"start":{"line":204,"column":1},"end":{"line":204,"column":10}},"loc":{"start":{"line":204,"column":10},"end":{"line":206,"column":2}}},"18":{"name":"(anonymous_18)","decl":{"start":{"line":208,"column":1},"end":{"line":208,"column":5}},"loc":{"start":{"line":208,"column":18},"end":{"line":210,"column":2}}},"19":{"name":"(anonymous_19)","decl":{"start":{"line":212,"column":1},"end":{"line":212,"column":5}},"loc":{"start":{"line":212,"column":19},"end":{"line":214,"column":2}}},"20":{"name":"(anonymous_20)","decl":{"start":{"line":216,"column":9},"end":{"line":216,"column":21}},"loc":{"start":{"line":216,"column":39},"end":{"line":218,"column":2}}},"21":{"name":"(anonymous_21)","decl":{"start":{"line":220,"column":1},"end":{"line":220,"column":9}},"loc":{"start":{"line":220,"column":9},"end":{"line":222,"column":2}}},"22":{"name":"(anonymous_22)","decl":{"start":{"line":224,"column":1},"end":{"line":224,"column":10}},"loc":{"start":{"line":224,"column":10},"end":{"line":226,"column":2}}},"23":{"name":"(anonymous_23)","decl":{"start":{"line":228,"column":1},"end":{"line":228,"column":11}},"loc":{"start":{"line":228,"column":25},"end":{"line":230,"column":2}}},"24":{"name":"(anonymous_24)","decl":{"start":{"line":232,"column":1},"end":{"line":232,"column":11}},"loc":{"start":{"line":232,"column":31},"end":{"line":234,"column":2}}},"25":{"name":"(anonymous_25)","decl":{"start":{"line":236,"column":1},"end":{"line":236,"column":14}},"loc":{"start":{"line":236,"column":45},"end":{"line":238,"column":2}}}},"branchMap":{"0":{"loc":{"start":{"line":82,"column":2},"end":{"line":90,"column":null}},"type":"if","locations":[{"start":{"line":82,"column":2},"end":{"line":90,"column":null}}]},"1":{"loc":{"start":{"line":92,"column":2},"end":{"line":108,"column":null}},"type":"if","locations":[{"start":{"line":92,"column":2},"end":{"line":108,"column":null}},{"start":{"line":103,"column":9},"end":{"line":108,"column":null}}]},"2":{"loc":{"start":{"line":93,"column":3},"end":{"line":102,"column":null}},"type":"if","locations":[{"start":{"line":93,"column":3},"end":{"line":102,"column":null}}]},"3":{"loc":{"start":{"line":94,"column":4},"end":{"line":95,"column":51}},"type":"binary-expr","locations":[{"start":{"line":94,"column":4},"end":{"line":94,"column":28}},{"start":{"line":95,"column":4},"end":{"line":95,"column":51}}]},"4":{"loc":{"start":{"line":112,"column":11},"end":{"line":112,"column":54}},"type":"cond-expr","locations":[{"start":{"line":112,"column":37},"end":{"line":112,"column":43}},{"start":{"line":112,"column":46},"end":{"line":112,"column":54}}]},"5":{"loc":{"start":{"line":144,"column":2},"end":{"line":146,"column":null}},"type":"if","locations":[{"start":{"line":144,"column":2},"end":{"line":146,"column":null}}]},"6":{"loc":{"start":{"line":170,"column":3},"end":{"line":185,"column":null}},"type":"switch","locations":[{"start":{"line":171,"column":4},"end":{"line":172,"column":14}},{"start":{"line":173,"column":4},"end":{"line":174,"column":26}},{"start":{"line":175,"column":4},"end":{"line":176,"column":37}},{"start":{"line":177,"column":4},"end":{"line":181,"column":8}},{"start":{"line":182,"column":4},"end":{"line":184,"column":55}}]},"7":{"loc":{"start":{"line":198,"column":2},"end":{"line":200,"column":null}},"type":"if","locations":[{"start":{"line":198,"column":2},"end":{"line":200,"column":null}}]}},"s":{"0":37,"1":37,"2":37,"3":92,"4":3,"5":34,"6":2,"7":2,"8":32,"9":5,"10":5,"11":12,"12":5,"13":1,"14":3,"15":1,"16":2,"17":2,"18":7,"19":2,"20":1,"21":1,"22":1,"23":26,"24":13,"25":30,"26":13,"27":13,"28":13,"29":9,"30":1,"31":1,"32":1,"33":1,"34":3,"35":1,"36":1,"37":2,"38":13,"39":13,"40":13,"41":13,"42":13,"43":25,"44":13,"45":25,"46":5,"47":16,"48":4,"49":5,"50":1,"51":1,"52":1,"53":1,"54":1,"55":1},"f":{"0":37,"1":92,"2":5,"3":12,"4":1,"5":3,"6":2,"7":2,"8":7,"9":1,"10":26,"11":13,"12":30,"13":13,"14":3,"15":2,"16":25,"17":5,"18":16,"19":4,"20":5,"21":1,"22":1,"23":1,"24":1,"25":1},"b":{"0":[3],"1":[2,32],"2":[2],"3":[2,1],"4":[4,1],"5":[1],"6":[9,1,1,1,1],"7":[13]}}
}
