TN:
SF:src/index.ts
FN:71,(anonymous_0)
FN:84,(anonymous_1)
FN:111,(anonymous_2)
FN:113,(anonymous_3)
FN:125,(anonymous_4)
FN:126,(anonymous_5)
FN:131,(anonymous_6)
FN:141,(anonymous_7)
FN:142,(anonymous_8)
FN:154,(anonymous_9)
FN:158,(anonymous_10)
FN:162,(anonymous_11)
FN:163,(anonymous_12)
FN:169,(anonymous_13)
FN:179,(anonymous_14)
FN:184,(anonymous_15)
FN:197,(anonymous_16)
FN:204,(anonymous_17)
FN:208,(anonymous_18)
FN:212,(anonymous_19)
FN:216,(anonymous_20)
FN:220,(anonymous_21)
FN:224,(anonymous_22)
FN:228,(anonymous_23)
FN:232,(anonymous_24)
FN:236,(anonymous_25)
FNF:26
FNH:26
FNDA:37,(anonymous_0)
FNDA:92,(anonymous_1)
FNDA:5,(anonymous_2)
FNDA:12,(anonymous_3)
FNDA:1,(anonymous_4)
FNDA:3,(anonymous_5)
FNDA:2,(anonymous_6)
FNDA:2,(anonymous_7)
FNDA:7,(anonymous_8)
FNDA:1,(anonymous_9)
FNDA:26,(anonymous_10)
FNDA:13,(anonymous_11)
FNDA:30,(anonymous_12)
FNDA:13,(anonymous_13)
FNDA:3,(anonymous_14)
FNDA:2,(anonymous_15)
FNDA:25,(anonymous_16)
FNDA:5,(anonymous_17)
FNDA:16,(anonymous_18)
FNDA:4,(anonymous_19)
FNDA:5,(anonymous_20)
FNDA:1,(anonymous_21)
FNDA:1,(anonymous_22)
FNDA:1,(anonymous_23)
FNDA:1,(anonymous_24)
FNDA:1,(anonymous_25)
DA:64,1
DA:72,37
DA:80,37
DA:82,37
DA:84,92
DA:87,3
DA:92,34
DA:93,2
DA:97,2
DA:104,32
DA:112,5
DA:113,5
DA:115,12
DA:119,5
DA:126,3
DA:128,1
DA:135,2
DA:142,7
DA:144,2
DA:145,1
DA:148,1
DA:155,1
DA:159,26
DA:163,13
DA:164,30
DA:167,13
DA:169,13
DA:170,13
DA:172,9
DA:174,1
DA:176,1
DA:178,1
DA:179,1
DA:180,3
DA:183,1
DA:184,2
DA:188,13
DA:189,13
DA:191,13
DA:192,13
DA:194,13
DA:198,25
DA:199,13
DA:201,25
DA:205,5
DA:209,16
DA:213,4
DA:217,5
DA:221,1
DA:225,1
DA:229,1
DA:233,1
DA:237,1
LF:53
LH:53
BRDA:82,0,0,3
BRDA:92,1,0,2
BRDA:92,1,1,32
BRDA:93,2,0,2
BRDA:94,3,0,2
BRDA:94,3,1,1
BRDA:112,4,0,4
BRDA:112,4,1,1
BRDA:144,5,0,1
BRDA:170,6,0,9
BRDA:170,6,1,1
BRDA:170,6,2,1
BRDA:170,6,3,1
BRDA:170,6,4,1
BRDA:198,7,0,13
BRF:15
BRH:15
end_of_record
